<?xml version="1.0" encoding="UTF-8"?>
<!-- Generated by org.testng.reporters.JUnitReportReporter -->
<testsuite skipped="0" hostname="LAPTOP-5KE8UCUV" name="com.kommedSweden.collection.Test_collection_reports_last_gift" tests="1" failures="0" timestamp="23 Aug 2020 21:13:17 GMT" time="14.225" errors="0">
  <testcase name="collection_058" time="14.225" classname="com.kommedSweden.collection.Test_collection_reports_last_gift"/>
</testsuite> <!-- com.kommedSweden.collection.Test_collection_reports_last_gift -->
