<?xml version="1.0" encoding="UTF-8"?>
<!-- Generated by org.testng.reporters.JUnitReportReporter -->
<testsuite skipped="0" hostname="LAPTOP-5KE8UCUV" name="com.kommedSweden.person_and_company.test_person_company_preferences_commitment" tests="3" failures="0" timestamp="19 Aug 2020 19:44:08 GMT" time="50.813" errors="0">
  <testcase name="person_company_047" time="22.817" classname="com.kommedSweden.person_and_company.test_person_company_preferences_commitment"/>
  <testcase name="person_company_048" time="13.870" classname="com.kommedSweden.person_and_company.test_person_company_preferences_commitment"/>
  <testcase name="person_company_046" time="14.126" classname="com.kommedSweden.person_and_company.test_person_company_preferences_commitment"/>
</testsuite> <!-- com.kommedSweden.person_and_company.test_person_company_preferences_commitment -->
