<?xml version="1.0" encoding="UTF-8"?>
<!-- Generated by org.testng.reporters.JUnitReportReporter -->
<testsuite skipped="0" hostname="LAPTOP-5KE8UCUV" name="com.kommedSweden.collection.Test_collection_reports_gift_summaries" tests="1" failures="0" timestamp="23 Aug 2020 21:10:50 GMT" time="15.063" errors="0">
  <testcase name="collection_052" time="15.063" classname="com.kommedSweden.collection.Test_collection_reports_gift_summaries"/>
</testsuite> <!-- com.kommedSweden.collection.Test_collection_reports_gift_summaries -->
