<?xml version="1.0" encoding="UTF-8"?>
<!-- Generated by org.testng.reporters.JUnitReportReporter -->
<testsuite skipped="0" hostname="DESKTOP-7SGARNL" name="com.kommedSweden.test_member_organization" tests="1" failures="0" timestamp="17 Jul 2020 06:01:52 GMT" time="15.863" errors="0">
  <testcase name="organization" time="15.863" classname="com.kommedSweden.test_member_organization"/>
</testsuite> <!-- com.kommedSweden.test_member_organization -->
