<?xml version="1.0" encoding="UTF-8"?>
<!-- Generated by org.testng.reporters.JUnitReportReporter -->
<testsuite skipped="0" hostname="LAPTOP-5KE8UCUV" name="com.kommedSweden.person_and_company.test_person_preferences_child_sponsorship" tests="2" failures="0" timestamp="19 Aug 2020 19:44:08 GMT" time="28.378" errors="0">
  <testcase name="person_company_050" time="13.167" classname="com.kommedSweden.person_and_company.test_person_preferences_child_sponsorship"/>
  <testcase name="person_company_049" time="15.211" classname="com.kommedSweden.person_and_company.test_person_preferences_child_sponsorship"/>
</testsuite> <!-- com.kommedSweden.person_and_company.test_person_preferences_child_sponsorship -->
