<?xml version="1.0" encoding="UTF-8"?>
<!-- Generated by org.testng.reporters.JUnitReportReporter -->
<testsuite skipped="0" hostname="LAPTOP-5KE8UCUV" name="com.kommedSweden.person_and_company.test_person_company_preferences_properties" tests="1" failures="0" timestamp="20 Aug 2020 22:00:42 GMT" time="21.522" errors="0">
  <testcase name="preson_company_040" time="21.522" classname="com.kommedSweden.person_and_company.test_person_company_preferences_properties"/>
</testsuite> <!-- com.kommedSweden.person_and_company.test_person_company_preferences_properties -->
