<?xml version="1.0" encoding="UTF-8"?>
<!-- Generated by org.testng.reporters.JUnitReportReporter -->
<testsuite skipped="0" hostname="LAPTOP-5KE8UCUV" name="com.kommedSweden.person_and_company.test_person_company_preferences_permissions0" tests="1" failures="0" timestamp="19 Aug 2020 19:44:08 GMT" time="13.320" errors="0">
  <testcase name="person_company_043" time="13.320" classname="com.kommedSweden.person_and_company.test_person_company_preferences_permissions0"/>
</testsuite> <!-- com.kommedSweden.person_and_company.test_person_company_preferences_permissions0 -->
