<?xml version="1.0" encoding="UTF-8"?>
<!-- Generated by org.testng.reporters.JUnitReportReporter -->
<testsuite skipped="0" hostname="LAPTOP-5KE8UCUV" name="com.kommedSweden.person_and_company.test_person_company_preferences_group_types" tests="3" failures="0" timestamp="19 Aug 2020 19:44:08 GMT" time="53.325" errors="0">
  <testcase name="person_company_053" time="14.681" classname="com.kommedSweden.person_and_company.test_person_company_preferences_group_types"/>
  <testcase name="person_company_052" time="22.582" classname="com.kommedSweden.person_and_company.test_person_company_preferences_group_types"/>
  <testcase name="person_company_051" time="16.062" classname="com.kommedSweden.person_and_company.test_person_company_preferences_group_types"/>
</testsuite> <!-- com.kommedSweden.person_and_company.test_person_company_preferences_group_types -->
