<?xml version="1.0" encoding="UTF-8"?>
<!-- Generated by org.testng.reporters.JUnitReportReporter -->
<testsuite skipped="0" hostname="LAPTOP-5KE8UCUV" name="com.kommedSweden.person_and_company.test_person_company_preferences_free_properties" tests="5" failures="0" timestamp="19 Aug 2020 19:44:08 GMT" time="86.393" errors="0">
  <testcase name="person_company_058" time="13.781" classname="com.kommedSweden.person_and_company.test_person_company_preferences_free_properties"/>
  <testcase name="person_company_057" time="23.861" classname="com.kommedSweden.person_and_company.test_person_company_preferences_free_properties"/>
  <testcase name="preson_company_054" time="15.116" classname="com.kommedSweden.person_and_company.test_person_company_preferences_free_properties"/>
  <testcase name="preson_company_056" time="16.144" classname="com.kommedSweden.person_and_company.test_person_company_preferences_free_properties"/>
  <testcase name="preson_company_055" time="17.491" classname="com.kommedSweden.person_and_company.test_person_company_preferences_free_properties"/>
</testsuite> <!-- com.kommedSweden.person_and_company.test_person_company_preferences_free_properties -->
