<?xml version="1.0" encoding="UTF-8"?>
<!-- Generated by org.testng.reporters.JUnitReportReporter -->
<testsuite skipped="0" hostname="LAPTOP-5KE8UCUV" name="com.kommedSweden.collection.Test_collection_reports_campaign_statistics" tests="1" failures="0" timestamp="23 Aug 2020 21:14:12 GMT" time="16.021" errors="0">
  <testcase name="collection_059" time="16.021" classname="com.kommedSweden.collection.Test_collection_reports_campaign_statistics"/>
</testsuite> <!-- com.kommedSweden.collection.Test_collection_reports_campaign_statistics -->
