<?xml version="1.0" encoding="UTF-8"?>
<!-- Generated by org.testng.reporters.JUnitReportReporter -->
<testsuite skipped="0" hostname="LAPTOP-5KE8UCUV" name="com.kommedSweden.person_and_company.test_person_company_create_user_client_list" tests="3" failures="0" timestamp="19 Aug 2020 19:44:08 GMT" time="70.852" errors="0">
  <testcase name="person_company_067" time="19.569" classname="com.kommedSweden.person_and_company.test_person_company_create_user_client_list"/>
  <testcase name="person_company_069" time="27.925" classname="com.kommedSweden.person_and_company.test_person_company_create_user_client_list"/>
  <testcase name="person_company_068" time="23.358" classname="com.kommedSweden.person_and_company.test_person_company_create_user_client_list"/>
</testsuite> <!-- com.kommedSweden.person_and_company.test_person_company_create_user_client_list -->
