<?xml version="1.0" encoding="UTF-8"?>
<!-- Generated by org.testng.reporters.JUnitReportReporter -->
<testsuite skipped="0" hostname="LAPTOP-5KE8UCUV" name="com.kommedSweden.person_and_company.test_person_company_templates_web_pg" tests="1" failures="0" timestamp="21 Aug 2020 05:24:57 GMT" time="21.735" errors="0">
  <testcase name="preson_company_062" time="21.735" classname="com.kommedSweden.person_and_company.test_person_company_templates_web_pg"/>
</testsuite> <!-- com.kommedSweden.person_and_company.test_person_company_templates_web_pg -->
