<?xml version="1.0" encoding="UTF-8"?>
<!-- Generated by org.testng.reporters.JUnitReportReporter -->
<testsuite skipped="0" hostname="LAPTOP-5KE8UCUV" name="com.kommedSweden.collection.Test_collection_reports_sms_reports" tests="1" failures="0" timestamp="23 Aug 2020 21:09:31 GMT" time="13.450" errors="0">
  <testcase name="collection_050" time="13.450" classname="com.kommedSweden.collection.Test_collection_reports_sms_reports"/>
</testsuite> <!-- com.kommedSweden.collection.Test_collection_reports_sms_reports -->
