<?xml version="1.0" encoding="UTF-8"?>
<!-- Generated by org.testng.reporters.JUnitReportReporter -->
<testsuite skipped="0" hostname="LAPTOP-5KE8UCUV" name="com.kommedSweden.collection.Test_collection_reports_gift_reports" tests="1" failures="0" timestamp="23 Aug 2020 21:15:25 GMT" time="15.898" errors="0">
  <testcase name="collection_062" time="15.898" classname="com.kommedSweden.collection.Test_collection_reports_gift_reports"/>
</testsuite> <!-- com.kommedSweden.collection.Test_collection_reports_gift_reports -->
