<?xml version="1.0" encoding="UTF-8"?>
<!-- Generated by org.testng.reporters.JUnitReportReporter -->
<testsuite skipped="0" hostname="LAPTOP-5KE8UCUV" name="com.kommedSweden.person_and_company.test_person_company_preferences_relationship" tests="3" failures="0" timestamp="19 Aug 2020 19:44:08 GMT" time="51.628" errors="0">
  <testcase name="preson_company_029" time="14.074" classname="com.kommedSweden.person_and_company.test_person_company_preferences_relationship"/>
  <testcase name="preson_company_031" time="14.878" classname="com.kommedSweden.person_and_company.test_person_company_preferences_relationship"/>
  <testcase name="preson_company_030" time="22.676" classname="com.kommedSweden.person_and_company.test_person_company_preferences_relationship"/>
</testsuite> <!-- com.kommedSweden.person_and_company.test_person_company_preferences_relationship -->
