<?xml version="1.0" encoding="UTF-8"?>
<!-- Generated by org.testng.reporters.JUnitReportReporter -->
<testsuite skipped="0" hostname="LAPTOP-5KE8UCUV" name="com.kommedSweden.person_and_company.test_person_company_templates_email_templates" tests="3" failures="0" timestamp="19 Aug 2020 19:44:08 GMT" time="43.698" errors="0">
  <testcase name="preson_company_063" time="14.589" classname="com.kommedSweden.person_and_company.test_person_company_templates_email_templates"/>
  <testcase name="preson_company_065" time="14.654" classname="com.kommedSweden.person_and_company.test_person_company_templates_email_templates"/>
  <testcase name="preson_company_064" time="14.455" classname="com.kommedSweden.person_and_company.test_person_company_templates_email_templates"/>
</testsuite> <!-- com.kommedSweden.person_and_company.test_person_company_templates_email_templates -->
