<?xml version="1.0" encoding="UTF-8"?>
<!-- Generated by org.testng.reporters.JUnitReportReporter -->
<testsuite skipped="0" hostname="LAPTOP-5KE8UCUV" name="com.kommedSweden.person_and_company.test_person_company_new" tests="2" failures="0" timestamp="19 Aug 2020 19:44:08 GMT" time="24.600" errors="0">
  <testcase name="person_company_28" time="13.279" classname="com.kommedSweden.person_and_company.test_person_company_new"/>
  <testcase name="person_company_27" time="11.321" classname="com.kommedSweden.person_and_company.test_person_company_new"/>
</testsuite> <!-- com.kommedSweden.person_and_company.test_person_company_new -->
