<?xml version="1.0" encoding="UTF-8"?>
<!-- Generated by org.testng.reporters.JUnitReportReporter -->
<testsuite skipped="0" hostname="LAPTOP-5KE8UCUV" name="com.kommedSweden.person_and_company.test_person_company_search" tests="25" failures="0" timestamp="19 Aug 2020 19:44:08 GMT" time="636.306" errors="0">
  <testcase name="person_company_10" time="14.760" classname="com.kommedSweden.person_and_company.test_person_company_search"/>
  <testcase name="person_company_14" time="13.567" classname="com.kommedSweden.person_and_company.test_person_company_search"/>
  <testcase name="person_company_4" time="15.485" classname="com.kommedSweden.person_and_company.test_person_company_search"/>
  <testcase name="person_company_7" time="12.211" classname="com.kommedSweden.person_and_company.test_person_company_search"/>
  <testcase name="person_company_11" time="69.917" classname="com.kommedSweden.person_and_company.test_person_company_search"/>
  <testcase name="person_company_26" time="13.279" classname="com.kommedSweden.person_and_company.test_person_company_search"/>
  <testcase name="person_company_20" time="15.109" classname="com.kommedSweden.person_and_company.test_person_company_search"/>
  <testcase name="person_company_23" time="13.305" classname="com.kommedSweden.person_and_company.test_person_company_search"/>
  <testcase name="person_company_5" time="72.161" classname="com.kommedSweden.person_and_company.test_person_company_search"/>
  <testcase name="person_company_19" time="16.278" classname="com.kommedSweden.person_and_company.test_person_company_search"/>
  <testcase name="person_company_2" time="28.659" classname="com.kommedSweden.person_and_company.test_person_company_search"/>
  <testcase name="person_company_3" time="19.625" classname="com.kommedSweden.person_and_company.test_person_company_search"/>
  <testcase name="person_company_22" time="14.990" classname="com.kommedSweden.person_and_company.test_person_company_search"/>
  <testcase name="person_company_25" time="13.274" classname="com.kommedSweden.person_and_company.test_person_company_search"/>
  <testcase name="person_company_15" time="13.384" classname="com.kommedSweden.person_and_company.test_person_company_search"/>
  <testcase name="person_company_6" time="66.839" classname="com.kommedSweden.person_and_company.test_person_company_search"/>
  <testcase name="person_company_17" time="14.718" classname="com.kommedSweden.person_and_company.test_person_company_search"/>
  <testcase name="person_company_9" time="56.855" classname="com.kommedSweden.person_and_company.test_person_company_search"/>
  <testcase name="person_company_12" time="13.275" classname="com.kommedSweden.person_and_company.test_person_company_search"/>
  <testcase name="person_company_1" time="11.630" classname="com.kommedSweden.person_and_company.test_person_company_search"/>
  <testcase name="person_company_21" time="13.711" classname="com.kommedSweden.person_and_company.test_person_company_search"/>
  <testcase name="person_company_13" time="13.325" classname="com.kommedSweden.person_and_company.test_person_company_search"/>
  <testcase name="person_company_16" time="14.526" classname="com.kommedSweden.person_and_company.test_person_company_search"/>
  <testcase name="person_company_18" time="17.038" classname="com.kommedSweden.person_and_company.test_person_company_search"/>
  <testcase name="person_company_8" time="68.385" classname="com.kommedSweden.person_and_company.test_person_company_search"/>
</testsuite> <!-- com.kommedSweden.person_and_company.test_person_company_search -->
