<?xml version="1.0" encoding="UTF-8"?>
<!-- Generated by org.testng.reporters.JUnitReportReporter -->
<testsuite hostname="DESKTOP-7SGARNL" name="com.kommedSweden.kommed_home_page" tests="1" failures="0" timestamp="3 Jul 2020 06:52:53 GMT" time="8.830" errors="0">
  <testcase name="base_page_navigation" time="8.830" classname="com.kommedSweden.kommed_home_page"/>
</testsuite> <!-- com.kommedSweden.kommed_home_page -->
