<?xml version="1.0" encoding="UTF-8"?>
<!-- Generated by org.testng.reporters.JUnitReportReporter -->
<testsuite skipped="0" hostname="LAPTOP-5KE8UCUV" name="com.kommedSweden.person_and_company.test_person_company_preference" tests="1" failures="0" timestamp="14 Aug 2020 11:10:31 GMT" time="19.323" errors="0">
  <testcase name="preson_company_046" time="19.323" classname="com.kommedSweden.person_and_company.test_person_company_preference"/>
</testsuite> <!-- com.kommedSweden.person_and_company.test_person_company_preference -->
