<?xml version="1.0" encoding="UTF-8"?>
<!-- Generated by org.testng.reporters.JUnitReportReporter -->
<testsuite skipped="0" hostname="LAPTOP-5KE8UCUV" name="com.kommedSweden.home_page.test_home_page" tests="2" failures="0" timestamp="10 Sep 2020 22:16:24 GMT" time="22.554" errors="0">
  <testcase name="home_page_02" time="7.825" classname="com.kommedSweden.home_page.test_home_page"/>
  <testcase name="home_page_01" time="14.729" classname="com.kommedSweden.home_page.test_home_page"/>
</testsuite> <!-- com.kommedSweden.home_page.test_home_page -->
