<?xml version="1.0" encoding="UTF-8"?>
<!-- Generated by org.testng.reporters.JUnitReportReporter -->
<testsuite skipped="0" hostname="LAPTOP-5KE8UCUV" name="com.kommedSweden.collection.Test_collection_reports_memorial_card" tests="1" failures="0" timestamp="23 Aug 2020 21:08:15 GMT" time="14.370" errors="0">
  <testcase name="collection_049" time="14.370" classname="com.kommedSweden.collection.Test_collection_reports_memorial_card"/>
</testsuite> <!-- com.kommedSweden.collection.Test_collection_reports_memorial_card -->
