<?xml version="1.0" encoding="UTF-8"?>
<!-- Generated by org.testng.reporters.JUnitReportReporter -->
<testsuite skipped="0" hostname="LAPTOP-5KE8UCUV" name="com.kommedSweden.collection.test_collection_register_payment" tests="4" failures="0" timestamp="07 Sep 2020 08:26:58 GMT" time="56.109" errors="0">
  <testcase name="collection_2" time="14.654" classname="com.kommedSweden.collection.test_collection_register_payment"/>
  <testcase name="collection_1" time="10.988" classname="com.kommedSweden.collection.test_collection_register_payment"/>
  <testcase name="collection_3" time="15.961" classname="com.kommedSweden.collection.test_collection_register_payment"/>
  <testcase name="collection_4" time="14.506" classname="com.kommedSweden.collection.test_collection_register_payment"/>
</testsuite> <!-- com.kommedSweden.collection.test_collection_register_payment -->
