<?xml version="1.0" encoding="UTF-8"?>
<!-- Generated by org.testng.reporters.JUnitReportReporter -->
<testsuite skipped="0" hostname="LAPTOP-5KE8UCUV" name="com.kommedSweden.person_and_company.test_person_company_preferences_persontype" tests="1" failures="0" timestamp="19 Aug 2020 19:44:08 GMT" time="14.024" errors="0">
  <testcase name="person_company_042" time="14.024" classname="com.kommedSweden.person_and_company.test_person_company_preferences_persontype"/>
</testsuite> <!-- com.kommedSweden.person_and_company.test_person_company_preferences_persontype -->
